<?xml version="1.0" encoding="UTF-8" ?>
<testsuite errors="0" failures="0" hostname="ISS-STF069" name="test.AllTests" skipped="0" tests="6" time="0.051" timestamp="2018-03-16T01:42:13">
  <properties>
[...]
</properties>
  <testcase classname="test.MyStringStackTest" name="testStackNull" time="0.001" />
  <testcase classname="test.MyStringStackTest" name="testPop" time="0.002" />
  <testcase classname="test.MyStringStackTest" name="testClear" time="0.001" />
  <testcase classname="test.MyStringStackTest" name="testPush" time="0.0" />
  <testcase classname="test.MyStringStackTest" name="testStackSequence" time="0.0" />
  <testcase classname="test.MyStringStackTest" name="testIsEmpty" time="0.0" />
  <system-out><![CDATA[Test for default package
hello
hello
hello
hello
hello
hello
]]></system-out>
  <system-err><![CDATA[]]></system-err>
</testsuite>
